<?xml version="1.0" encoding="UTF-8" ?>
<testsuite tests="5" failures="0" name="fr.epsi.CalculatriceTest" time="0.034" errors="0" skipped="0">
  <properties>
[...]
</properties>
  <testcase classname="fr.epsi.CalculatriceTest" name="calculatrice_remove_2_by_1" time="0.032"/>
  <testcase classname="fr.epsi.CalculatriceTest" name="calculatrice_divide_10_by_2" time="0"/>
  <testcase classname="fr.epsi.CalculatriceTest" name="calculatrice_multiply_2_by_2" time="0"/>
  <testcase classname="fr.epsi.CalculatriceTest" name="calculatrice_divide_by_zero" time="0.001"/>
  <testcase classname="fr.epsi.CalculatriceTest" name="calculatrice_add_1_to_2" time="0.001"/>
</testsuite>